<?xml version="1.0" encoding="UTF-8"?>
<!-- Generated by org.testng.reporters.JUnitReportReporter -->
<testsuite hostname="DESKTOP-SBTNFQP" failures="0" tests="1" name="testing.Shortlist" time="37.655" errors="0" timestamp="2023-12-07T10:23:06 IST" skipped="0">
  <testcase classname="testing.Shortlist" name="ShortListpage" time="37.655"/>
  <system-out/>
</testsuite> <!-- testing.Shortlist -->
